2025-12-30T00:06:51: Serving static files from: C:\abo-zien\apps\client-portal
2025-12-30T00:06:51: ??? Database tables created
2025-12-30T00:06:51: ??? Local database initialized: C:\abo-zien\apps\backend\data\abo-zien.db
2025-12-30T00:06:51: Local Database (SQLite) initialized
2025-12-30T00:06:52: ✅ MongoDB connected successfully
2025-12-30T00:06:52: MongoDB initialized
2025-12-30T00:06:52: ✅ Supabase connected successfully
2025-12-30T00:06:52: Supabase initialized
2025-12-30T00:06:53: Could not load route: financial
2025-12-30T00:06:54: Could not load route: ocr
2025-12-30T00:06:54: Could not load route: stripe-webhook
2025-12-30T00:06:54: Could not load route: services
2025-12-30T00:06:54: Could not load route: terminal-integration
2025-12-30T00:06:54: All RARE Kernel routes linked
2025-12-30T00:06:54: Backend running on port: 5000
2025-12-30T00:06:54: Environment: production
2025-12-30T00:11:49: Serving static files from: C:\abo-zien\apps\client-portal
2025-12-30T00:11:49: ??? Database tables created
2025-12-30T00:11:49: ??? Local database initialized: C:\abo-zien\apps\backend\data\abo-zien.db
2025-12-30T00:11:49: Local Database (SQLite) initialized
2025-12-30T00:11:50: ✅ MongoDB connected successfully
2025-12-30T00:11:50: MongoDB initialized
2025-12-30T00:11:50: ✅ Supabase connected successfully
2025-12-30T00:11:50: Supabase initialized
2025-12-30T00:11:50: Could not load route: financial
2025-12-30T00:11:51: Could not load route: ocr
2025-12-30T00:11:51: Could not load route: stripe-webhook
2025-12-30T00:11:51: Could not load route: services
2025-12-30T00:11:51: Could not load route: terminal-integration
2025-12-30T00:11:51: All RARE Kernel routes linked
2025-12-30T00:11:51: Backend running on port: 5000
2025-12-30T00:11:51: Environment: production
2025-12-30T00:16:48: Serving static files from: C:\abo-zien\apps\client-portal
2025-12-30T00:16:48: ??? Database tables created
2025-12-30T00:16:48: ??? Local database initialized: C:\abo-zien\apps\backend\data\abo-zien.db
2025-12-30T00:16:48: Local Database (SQLite) initialized
2025-12-30T00:16:49: ✅ MongoDB connected successfully
2025-12-30T00:16:49: MongoDB initialized
2025-12-30T00:16:49: ✅ Supabase connected successfully
2025-12-30T00:16:49: Supabase initialized
2025-12-30T00:16:49: Could not load route: financial
2025-12-30T00:16:50: Could not load route: ocr
2025-12-30T00:16:50: Could not load route: stripe-webhook
2025-12-30T00:16:50: Could not load route: services
2025-12-30T00:16:50: Could not load route: terminal-integration
2025-12-30T00:16:50: All RARE Kernel routes linked
2025-12-30T00:16:50: Backend running on port: 5000
2025-12-30T00:16:50: Environment: production
2025-12-30T00:28:51: Serving static files from: C:\abo-zien\apps\client-portal
2025-12-30T00:28:51: ??? Database tables created
2025-12-30T00:28:51: ??? Local database initialized: C:\abo-zien\apps\backend\data\abo-zien.db
2025-12-30T00:28:51: Local Database (SQLite) initialized
2025-12-30T00:28:52: ✅ MongoDB connected successfully
2025-12-30T00:28:52: MongoDB initialized
2025-12-30T00:28:52: ✅ Supabase connected successfully
2025-12-30T00:28:52: Supabase initialized
2025-12-30T00:28:52: Could not load route: financial
2025-12-30T00:28:52: Could not load route: ocr
2025-12-30T00:28:52: Could not load route: stripe-webhook
2025-12-30T00:28:52: Could not load route: services
2025-12-30T00:28:52: Could not load route: terminal-integration
2025-12-30T00:28:52: All RARE Kernel routes linked
2025-12-30T00:28:52: Backend running on port: 5000
2025-12-30T00:28:52: Environment: production
2025-12-30T00:33:44: Serving static files from: C:\abo-zien\apps\client-portal
2025-12-30T00:33:44: ??? Database tables created
2025-12-30T00:33:44: ??? Local database initialized: C:\abo-zien\apps\backend\data\abo-zien.db
2025-12-30T00:33:44: Local Database (SQLite) initialized
2025-12-30T00:33:45: ✅ MongoDB connected successfully
2025-12-30T00:33:45: MongoDB initialized
2025-12-30T00:33:45: ✅ Supabase connected successfully
2025-12-30T00:33:45: Supabase initialized
2025-12-30T00:33:45: Could not load route: financial
2025-12-30T00:33:45: Could not load route: ocr
2025-12-30T00:33:46: Could not load route: stripe-webhook
2025-12-30T00:33:46: Could not load route: services
2025-12-30T00:33:46: Could not load route: terminal-integration
2025-12-30T00:33:46: All RARE Kernel routes linked
2025-12-30T00:33:46: Backend running on port: 5000
2025-12-30T00:33:46: Environment: production
2025-12-30T00:35:53: Serving static files from: C:\abo-zien\apps\client-portal
2025-12-30T00:35:53: ??? Database tables created
2025-12-30T00:35:53: ??? Local database initialized: C:\abo-zien\apps\backend\data\abo-zien.db
2025-12-30T00:35:53: Local Database (SQLite) initialized
2025-12-30T00:35:54: ✅ MongoDB connected successfully
2025-12-30T00:35:54: MongoDB initialized
2025-12-30T00:35:54: ✅ Supabase connected successfully
2025-12-30T00:35:54: Supabase initialized
2025-12-30T00:35:54: Could not load route: financial
2025-12-30T00:35:54: Could not load route: ocr
2025-12-30T00:35:54: Could not load route: stripe-webhook
2025-12-30T00:35:54: Could not load route: services
2025-12-30T00:35:54: Could not load route: terminal-integration
2025-12-30T00:35:54: All RARE Kernel routes linked
2025-12-30T00:35:54: Backend running on port: 5000
2025-12-30T00:35:54: Environment: production
2025-12-30T00:37:32: Serving static files from: C:\abo-zien\apps\client-portal
2025-12-30T00:37:32: ??? Database tables created
2025-12-30T00:37:32: ??? Local database initialized: C:\abo-zien\apps\backend\data\abo-zien.db
2025-12-30T00:37:32: Local Database (SQLite) initialized
2025-12-30T00:37:33: ✅ MongoDB connected successfully
2025-12-30T00:37:33: MongoDB initialized
2025-12-30T00:37:33: ✅ Supabase connected successfully
2025-12-30T00:37:33: Supabase initialized
2025-12-30T00:37:34: Could not load route: financial
2025-12-30T00:37:34: Could not load route: ocr
2025-12-30T00:37:34: Could not load route: stripe-webhook
2025-12-30T00:37:34: Could not load route: services
2025-12-30T00:37:34: Could not load route: terminal-integration
2025-12-30T00:37:34: All RARE Kernel routes linked
2025-12-30T00:37:34: Backend running on port: 5000
2025-12-30T00:37:34: Environment: production
2025-12-30T00:39:28: Serving static files from: C:\abo-zien\apps\client-portal
2025-12-30T00:39:28: ??? Database tables created
2025-12-30T00:39:28: ??? Local database initialized: C:\abo-zien\apps\backend\data\abo-zien.db
2025-12-30T00:39:28: Local Database (SQLite) initialized
2025-12-30T00:39:29: ✅ MongoDB connected successfully
2025-12-30T00:39:29: MongoDB initialized
2025-12-30T00:39:29: ✅ Supabase connected successfully
2025-12-30T00:39:29: Supabase initialized
2025-12-30T00:39:29: Could not load route: financial
2025-12-30T00:39:29: Could not load route: ocr
2025-12-30T00:39:29: Could not load route: stripe-webhook
2025-12-30T00:39:29: Could not load route: services
2025-12-30T00:39:29: Could not load route: terminal-integration
2025-12-30T00:39:29: All RARE Kernel routes linked
2025-12-30T00:39:29: Backend running on port: 5000
2025-12-30T00:39:29: Environment: production
2025-12-30T00:41:20: Serving static files from: C:\abo-zien\apps\client-portal
2025-12-30T00:41:20: ??? Database tables created
2025-12-30T00:41:20: ??? Local database initialized: C:\abo-zien\apps\backend\data\abo-zien.db
2025-12-30T00:41:20: Local Database (SQLite) initialized
2025-12-30T00:41:21: ✅ MongoDB connected successfully
2025-12-30T00:41:21: MongoDB initialized
2025-12-30T00:41:21: ✅ Supabase connected successfully
2025-12-30T00:41:21: Supabase initialized
2025-12-30T00:41:21: Could not load route: financial
2025-12-30T00:41:21: Could not load route: ocr
2025-12-30T00:41:21: Could not load route: stripe-webhook
2025-12-30T00:41:21: Could not load route: services
2025-12-30T00:41:21: Could not load route: terminal-integration
2025-12-30T00:41:21: All RARE Kernel routes linked
2025-12-30T00:41:21: Backend running on port: 5000
2025-12-30T00:41:21: Environment: production
2025-12-30T00:43:46: Serving static files from: C:\abo-zien\apps\client-portal
2025-12-30T00:43:46: ??? Database tables created
2025-12-30T00:43:46: ??? Local database initialized: C:\abo-zien\apps\backend\data\abo-zien.db
2025-12-30T00:43:46: Local Database (SQLite) initialized
2025-12-30T00:43:50: ✅ MongoDB connected successfully
2025-12-30T00:43:50: MongoDB initialized
2025-12-30T00:43:50: ✅ Supabase connected successfully
2025-12-30T00:43:50: Supabase initialized
2025-12-30T00:43:50: Could not load route: financial
2025-12-30T00:43:51: Could not load route: ocr
2025-12-30T00:43:51: Could not load route: stripe-webhook
2025-12-30T00:43:51: Could not load route: services
2025-12-30T00:43:51: Could not load route: terminal-integration
2025-12-30T00:43:51: All RARE Kernel routes linked
2025-12-30T00:43:51: Backend running on port: 5000
2025-12-30T00:43:51: Environment: production
2025-12-30T00:48:20: Serving static files from: C:\abo-zien\apps\client-portal
2025-12-30T00:48:20: ??? Database tables created
2025-12-30T00:48:20: ??? Local database initialized: C:\abo-zien\apps\backend\data\abo-zien.db
2025-12-30T00:48:20: Local Database (SQLite) initialized
2025-12-30T00:48:21: ✅ MongoDB connected successfully
2025-12-30T00:48:21: MongoDB initialized
2025-12-30T00:48:21: ✅ Supabase connected successfully
2025-12-30T00:48:21: Supabase initialized
2025-12-30T00:48:22: Could not load route: financial
2025-12-30T00:48:22: Could not load route: ocr
2025-12-30T00:48:22: Could not load route: stripe-webhook
2025-12-30T00:48:22: Could not load route: services
2025-12-30T00:48:22: Could not load route: terminal-integration
2025-12-30T00:48:22: All RARE Kernel routes linked
2025-12-30T00:48:22: Backend running on port: 5000
2025-12-30T00:48:22: Environment: production
2025-12-30T00:50:32: Serving static files from: C:\abo-zien\apps\client-portal
2025-12-30T00:50:32: ??? Database tables created
2025-12-30T00:50:32: ??? Local database initialized: C:\abo-zien\apps\backend\data\abo-zien.db
2025-12-30T00:50:32: Local Database (SQLite) initialized
2025-12-30T00:50:33: ✅ MongoDB connected successfully
2025-12-30T00:50:33: MongoDB initialized
2025-12-30T00:50:33: ✅ Supabase connected successfully
2025-12-30T00:50:33: Supabase initialized
2025-12-30T00:50:34: Could not load route: financial
2025-12-30T00:50:34: Could not load route: ocr
2025-12-30T00:50:34: Could not load route: stripe-webhook
2025-12-30T00:50:34: Could not load route: services
2025-12-30T00:50:34: Could not load route: terminal-integration
2025-12-30T00:50:34: All RARE Kernel routes linked
2025-12-30T00:50:34: Backend running on port: 5000
2025-12-30T00:50:34: Environment: production
2025-12-30T00:53:08: Serving static files from: C:\abo-zien\apps\client-portal
2025-12-30T00:53:08: ??? Database tables created
2025-12-30T00:53:08: ??? Local database initialized: C:\abo-zien\apps\backend\data\abo-zien.db
2025-12-30T00:53:08: Local Database (SQLite) initialized
2025-12-30T00:53:09: ✅ MongoDB connected successfully
2025-12-30T00:53:09: MongoDB initialized
2025-12-30T00:53:09: ✅ Supabase connected successfully
2025-12-30T00:53:09: Supabase initialized
2025-12-30T00:53:09: Could not load route: financial
2025-12-30T00:53:09: Could not load route: ocr
2025-12-30T00:53:09: Could not load route: stripe-webhook
2025-12-30T00:53:09: Could not load route: services
2025-12-30T00:53:09: Could not load route: terminal-integration
2025-12-30T00:53:09: All RARE Kernel routes linked
2025-12-30T00:53:09: Backend running on port: 5000
2025-12-30T00:53:09: Environment: production
2025-12-30T00:55:16: Serving static files from: C:\abo-zien\apps\client-portal
2025-12-30T00:55:16: ??? Database tables created
2025-12-30T00:55:16: ??? Local database initialized: C:\abo-zien\apps\backend\data\abo-zien.db
2025-12-30T00:55:16: Local Database (SQLite) initialized
2025-12-30T00:55:17: ✅ MongoDB connected successfully
2025-12-30T00:55:17: MongoDB initialized
2025-12-30T00:55:17: ✅ Supabase connected successfully
2025-12-30T00:55:17: Supabase initialized
2025-12-30T00:55:17: Could not load route: financial
2025-12-30T00:55:17: Could not load route: ocr
2025-12-30T00:55:17: Could not load route: stripe-webhook
2025-12-30T00:55:17: Could not load route: services
2025-12-30T00:55:17: Could not load route: terminal-integration
2025-12-30T00:55:17: All RARE Kernel routes linked
2025-12-30T00:55:17: Backend running on port: 5000
2025-12-30T00:55:17: Environment: production
2025-12-30T00:57:18: Serving static files from: C:\abo-zien\apps\client-portal
2025-12-30T00:57:18: ??? Database tables created
2025-12-30T00:57:18: ??? Local database initialized: C:\abo-zien\apps\backend\data\abo-zien.db
2025-12-30T00:57:18: Local Database (SQLite) initialized
2025-12-30T00:57:20: ✅ MongoDB connected successfully
2025-12-30T00:57:20: MongoDB initialized
2025-12-30T00:57:20: ✅ Supabase connected successfully
2025-12-30T00:57:20: Supabase initialized
2025-12-30T00:57:20: Could not load route: financial
2025-12-30T00:57:20: Could not load route: ocr
2025-12-30T00:57:20: Could not load route: stripe-webhook
2025-12-30T00:57:20: Could not load route: services
2025-12-30T00:57:20: Could not load route: terminal-integration
2025-12-30T00:57:20: All RARE Kernel routes linked
2025-12-30T00:57:20: Backend running on port: 5000
2025-12-30T00:57:20: Environment: production
2025-12-30T00:59:20: Serving static files from: C:\abo-zien\apps\client-portal
2025-12-30T00:59:20: ??? Database tables created
2025-12-30T00:59:20: ??? Local database initialized: C:\abo-zien\apps\backend\data\abo-zien.db
2025-12-30T00:59:20: Local Database (SQLite) initialized
2025-12-30T00:59:21: ✅ MongoDB connected successfully
2025-12-30T00:59:21: MongoDB initialized
2025-12-30T00:59:21: ✅ Supabase connected successfully
2025-12-30T00:59:21: Supabase initialized
2025-12-30T00:59:22: Could not load route: financial
2025-12-30T00:59:22: Could not load route: ocr
2025-12-30T00:59:22: Could not load route: stripe-webhook
2025-12-30T00:59:22: Could not load route: services
2025-12-30T00:59:22: Could not load route: terminal-integration
2025-12-30T00:59:22: All RARE Kernel routes linked
2025-12-30T00:59:22: Backend running on port: 5000
2025-12-30T00:59:22: Environment: production
2025-12-30T01:01:20: Serving static files from: C:\abo-zien\apps\client-portal
2025-12-30T01:01:20: ??? Database tables created
2025-12-30T01:01:20: ??? Local database initialized: C:\abo-zien\apps\backend\data\abo-zien.db
2025-12-30T01:01:20: Local Database (SQLite) initialized
2025-12-30T01:01:21: ✅ MongoDB connected successfully
2025-12-30T01:01:21: MongoDB initialized
2025-12-30T01:01:21: ✅ Supabase connected successfully
2025-12-30T01:01:21: Supabase initialized
2025-12-30T01:01:21: Could not load route: financial
2025-12-30T01:01:22: Could not load route: ocr
2025-12-30T01:01:22: Could not load route: stripe-webhook
2025-12-30T01:01:22: Could not load route: services
2025-12-30T01:01:22: Could not load route: terminal-integration
2025-12-30T01:01:22: All RARE Kernel routes linked
2025-12-30T01:01:22: Backend running on port: 5000
2025-12-30T01:01:22: Environment: production
