2025-12-30T00:06:53: Could not load route: financial
2025-12-30T00:06:54: Could not load route: ocr
2025-12-30T00:06:54: Could not load route: stripe-webhook
2025-12-30T00:06:54: Could not load route: services
2025-12-30T00:06:54: Could not load route: terminal-integration
2025-12-30T00:11:50: Could not load route: financial
2025-12-30T00:11:51: Could not load route: ocr
2025-12-30T00:11:51: Could not load route: stripe-webhook
2025-12-30T00:11:51: Could not load route: services
2025-12-30T00:11:51: Could not load route: terminal-integration
2025-12-30T00:16:49: Could not load route: financial
2025-12-30T00:16:50: Could not load route: ocr
2025-12-30T00:16:50: Could not load route: stripe-webhook
2025-12-30T00:16:50: Could not load route: services
2025-12-30T00:16:50: Could not load route: terminal-integration
2025-12-30T00:28:52: Could not load route: financial
2025-12-30T00:28:52: Could not load route: ocr
2025-12-30T00:28:52: Could not load route: stripe-webhook
2025-12-30T00:28:52: Could not load route: services
2025-12-30T00:28:52: Could not load route: terminal-integration
2025-12-30T00:33:45: Could not load route: financial
2025-12-30T00:33:45: Could not load route: ocr
2025-12-30T00:33:46: Could not load route: stripe-webhook
2025-12-30T00:33:46: Could not load route: services
2025-12-30T00:33:46: Could not load route: terminal-integration
2025-12-30T00:35:54: Could not load route: financial
2025-12-30T00:35:54: Could not load route: ocr
2025-12-30T00:35:54: Could not load route: stripe-webhook
2025-12-30T00:35:54: Could not load route: services
2025-12-30T00:35:54: Could not load route: terminal-integration
2025-12-30T00:37:34: Could not load route: financial
2025-12-30T00:37:34: Could not load route: ocr
2025-12-30T00:37:34: Could not load route: stripe-webhook
2025-12-30T00:37:34: Could not load route: services
2025-12-30T00:37:34: Could not load route: terminal-integration
2025-12-30T00:39:29: Could not load route: financial
2025-12-30T00:39:29: Could not load route: ocr
2025-12-30T00:39:29: Could not load route: stripe-webhook
2025-12-30T00:39:29: Could not load route: services
2025-12-30T00:39:29: Could not load route: terminal-integration
2025-12-30T00:41:21: Could not load route: financial
2025-12-30T00:41:21: Could not load route: ocr
2025-12-30T00:41:21: Could not load route: stripe-webhook
2025-12-30T00:41:21: Could not load route: services
2025-12-30T00:41:21: Could not load route: terminal-integration
2025-12-30T00:43:50: Could not load route: financial
2025-12-30T00:43:51: Could not load route: ocr
2025-12-30T00:43:51: Could not load route: stripe-webhook
2025-12-30T00:43:51: Could not load route: services
2025-12-30T00:43:51: Could not load route: terminal-integration
2025-12-30T00:48:22: Could not load route: financial
2025-12-30T00:48:22: Could not load route: ocr
2025-12-30T00:48:22: Could not load route: stripe-webhook
2025-12-30T00:48:22: Could not load route: services
2025-12-30T00:48:22: Could not load route: terminal-integration
2025-12-30T00:50:34: Could not load route: financial
2025-12-30T00:50:34: Could not load route: ocr
2025-12-30T00:50:34: Could not load route: stripe-webhook
2025-12-30T00:50:34: Could not load route: services
2025-12-30T00:50:34: Could not load route: terminal-integration
2025-12-30T00:53:09: Could not load route: financial
2025-12-30T00:53:09: Could not load route: ocr
2025-12-30T00:53:09: Could not load route: stripe-webhook
2025-12-30T00:53:09: Could not load route: services
2025-12-30T00:53:09: Could not load route: terminal-integration
2025-12-30T00:55:17: Could not load route: financial
2025-12-30T00:55:17: Could not load route: ocr
2025-12-30T00:55:17: Could not load route: stripe-webhook
2025-12-30T00:55:17: Could not load route: services
2025-12-30T00:55:17: Could not load route: terminal-integration
2025-12-30T00:57:20: Could not load route: financial
2025-12-30T00:57:20: Could not load route: ocr
2025-12-30T00:57:20: Could not load route: stripe-webhook
2025-12-30T00:57:20: Could not load route: services
2025-12-30T00:57:20: Could not load route: terminal-integration
2025-12-30T00:59:22: Could not load route: financial
2025-12-30T00:59:22: Could not load route: ocr
2025-12-30T00:59:22: Could not load route: stripe-webhook
2025-12-30T00:59:22: Could not load route: services
2025-12-30T00:59:22: Could not load route: terminal-integration
2025-12-30T01:01:21: Could not load route: financial
2025-12-30T01:01:22: Could not load route: ocr
2025-12-30T01:01:22: Could not load route: stripe-webhook
2025-12-30T01:01:22: Could not load route: services
2025-12-30T01:01:22: Could not load route: terminal-integration
