ReferenceError: require is not defined
    at getLocalIP (file:///C:/abo-zien/apps/client-portal/server.js:37:33)
    at Server.<anonymous> (file:///C:/abo-zien/apps/client-portal/server.js:27:37)
    at Object.onceWrapper (node:events:632:28)
    at Server.emit (node:events:530:35)
    at Server.<anonymous> (C:\Users\Admin\AppData\Roaming\npm\node_modules\pm2\node_modules\@pm2\io\build\main\metrics\httpMetrics.js:153:37)
    at emitListeningNT (node:net:1951:10)
    at process.processTicksAndRejections (node:internal/process/task_queues:81:21)
ReferenceError: require is not defined
    at getLocalIP (file:///C:/abo-zien/apps/client-portal/server.js:37:33)
    at Server.<anonymous> (file:///C:/abo-zien/apps/client-portal/server.js:27:37)
    at Object.onceWrapper (node:events:632:28)
    at Server.emit (node:events:530:35)
    at Server.<anonymous> (C:\Users\Admin\AppData\Roaming\npm\node_modules\pm2\node_modules\@pm2\io\build\main\metrics\httpMetrics.js:153:37)
    at emitListeningNT (node:net:1951:10)
    at process.processTicksAndRejections (node:internal/process/task_queues:81:21)
ReferenceError: require is not defined
    at getLocalIP (file:///C:/abo-zien/apps/client-portal/server.js:37:33)
    at Server.<anonymous> (file:///C:/abo-zien/apps/client-portal/server.js:27:37)
    at Object.onceWrapper (node:events:632:28)
    at Server.emit (node:events:530:35)
    at Server.<anonymous> (C:\Users\Admin\AppData\Roaming\npm\node_modules\pm2\node_modules\@pm2\io\build\main\metrics\httpMetrics.js:153:37)
    at emitListeningNT (node:net:1951:10)
    at process.processTicksAndRejections (node:internal/process/task_queues:81:21)
ReferenceError: require is not defined
    at getLocalIP (file:///C:/abo-zien/apps/client-portal/server.js:37:33)
    at Server.<anonymous> (file:///C:/abo-zien/apps/client-portal/server.js:27:37)
    at Object.onceWrapper (node:events:632:28)
    at Server.emit (node:events:530:35)
    at Server.<anonymous> (C:\Users\Admin\AppData\Roaming\npm\node_modules\pm2\node_modules\@pm2\io\build\main\metrics\httpMetrics.js:153:37)
    at emitListeningNT (node:net:1951:10)
    at process.processTicksAndRejections (node:internal/process/task_queues:81:21)
ReferenceError: require is not defined
    at getLocalIP (file:///C:/abo-zien/apps/client-portal/server.js:37:33)
    at Server.<anonymous> (file:///C:/abo-zien/apps/client-portal/server.js:27:37)
    at Object.onceWrapper (node:events:632:28)
    at Server.emit (node:events:530:35)
    at Server.<anonymous> (C:\Users\Admin\AppData\Roaming\npm\node_modules\pm2\node_modules\@pm2\io\build\main\metrics\httpMetrics.js:153:37)
    at emitListeningNT (node:net:1951:10)
    at process.processTicksAndRejections (node:internal/process/task_queues:81:21)
ReferenceError: require is not defined
    at getLocalIP (file:///C:/abo-zien/apps/client-portal/server.js:37:33)
    at Server.<anonymous> (file:///C:/abo-zien/apps/client-portal/server.js:27:37)
    at Object.onceWrapper (node:events:632:28)
    at Server.emit (node:events:530:35)
    at Server.<anonymous> (C:\Users\Admin\AppData\Roaming\npm\node_modules\pm2\node_modules\@pm2\io\build\main\metrics\httpMetrics.js:153:37)
    at emitListeningNT (node:net:1951:10)
    at process.processTicksAndRejections (node:internal/process/task_queues:81:21)
ReferenceError: require is not defined
    at getLocalIP (file:///C:/abo-zien/apps/client-portal/server.js:37:33)
    at Server.<anonymous> (file:///C:/abo-zien/apps/client-portal/server.js:27:37)
    at Object.onceWrapper (node:events:632:28)
    at Server.emit (node:events:530:35)
    at Server.<anonymous> (C:\Users\Admin\AppData\Roaming\npm\node_modules\pm2\node_modules\@pm2\io\build\main\metrics\httpMetrics.js:153:37)
    at emitListeningNT (node:net:1951:10)
    at process.processTicksAndRejections (node:internal/process/task_queues:81:21)
ReferenceError: require is not defined
    at getLocalIP (file:///C:/abo-zien/apps/client-portal/server.js:37:33)
    at Server.<anonymous> (file:///C:/abo-zien/apps/client-portal/server.js:27:37)
    at Object.onceWrapper (node:events:632:28)
    at Server.emit (node:events:530:35)
    at Server.<anonymous> (C:\Users\Admin\AppData\Roaming\npm\node_modules\pm2\node_modules\@pm2\io\build\main\metrics\httpMetrics.js:153:37)
    at emitListeningNT (node:net:1951:10)
    at process.processTicksAndRejections (node:internal/process/task_queues:81:21)
ReferenceError: require is not defined
    at getLocalIP (file:///C:/abo-zien/apps/client-portal/server.js:37:33)
    at Server.<anonymous> (file:///C:/abo-zien/apps/client-portal/server.js:27:37)
    at Object.onceWrapper (node:events:632:28)
    at Server.emit (node:events:530:35)
    at Server.<anonymous> (C:\Users\Admin\AppData\Roaming\npm\node_modules\pm2\node_modules\@pm2\io\build\main\metrics\httpMetrics.js:153:37)
    at emitListeningNT (node:net:1951:10)
    at process.processTicksAndRejections (node:internal/process/task_queues:81:21)
ReferenceError: require is not defined
    at getLocalIP (file:///C:/abo-zien/apps/client-portal/server.js:37:33)
    at Server.<anonymous> (file:///C:/abo-zien/apps/client-portal/server.js:27:37)
    at Object.onceWrapper (node:events:632:28)
    at Server.emit (node:events:530:35)
    at Server.<anonymous> (C:\Users\Admin\AppData\Roaming\npm\node_modules\pm2\node_modules\@pm2\io\build\main\metrics\httpMetrics.js:153:37)
    at emitListeningNT (node:net:1951:10)
    at process.processTicksAndRejections (node:internal/process/task_queues:81:21)
ReferenceError: require is not defined
    at getLocalIP (file:///C:/abo-zien/apps/client-portal/server.js:37:33)
    at Server.<anonymous> (file:///C:/abo-zien/apps/client-portal/server.js:27:37)
    at Object.onceWrapper (node:events:632:28)
    at Server.emit (node:events:530:35)
    at Server.<anonymous> (C:\Users\Admin\AppData\Roaming\npm\node_modules\pm2\node_modules\@pm2\io\build\main\metrics\httpMetrics.js:153:37)
    at emitListeningNT (node:net:1951:10)
    at process.processTicksAndRejections (node:internal/process/task_queues:81:21)
ReferenceError: require is not defined
    at getLocalIP (file:///C:/abo-zien/apps/client-portal/server.js:37:33)
    at Server.<anonymous> (file:///C:/abo-zien/apps/client-portal/server.js:27:37)
    at Object.onceWrapper (node:events:632:28)
    at Server.emit (node:events:530:35)
    at Server.<anonymous> (C:\Users\Admin\AppData\Roaming\npm\node_modules\pm2\node_modules\@pm2\io\build\main\metrics\httpMetrics.js:153:37)
    at emitListeningNT (node:net:1951:10)
    at process.processTicksAndRejections (node:internal/process/task_queues:81:21)
ReferenceError: require is not defined
    at getLocalIP (file:///C:/abo-zien/apps/client-portal/server.js:37:33)
    at Server.<anonymous> (file:///C:/abo-zien/apps/client-portal/server.js:27:37)
    at Object.onceWrapper (node:events:632:28)
    at Server.emit (node:events:530:35)
    at Server.<anonymous> (C:\Users\Admin\AppData\Roaming\npm\node_modules\pm2\node_modules\@pm2\io\build\main\metrics\httpMetrics.js:153:37)
    at emitListeningNT (node:net:1951:10)
    at process.processTicksAndRejections (node:internal/process/task_queues:81:21)
ReferenceError: require is not defined
    at getLocalIP (file:///C:/abo-zien/apps/client-portal/server.js:37:33)
    at Server.<anonymous> (file:///C:/abo-zien/apps/client-portal/server.js:27:37)
    at Object.onceWrapper (node:events:632:28)
    at Server.emit (node:events:530:35)
    at Server.<anonymous> (C:\Users\Admin\AppData\Roaming\npm\node_modules\pm2\node_modules\@pm2\io\build\main\metrics\httpMetrics.js:153:37)
    at emitListeningNT (node:net:1951:10)
    at process.processTicksAndRejections (node:internal/process/task_queues:81:21)
ReferenceError: require is not defined
    at getLocalIP (file:///C:/abo-zien/apps/client-portal/server.js:37:33)
    at Server.<anonymous> (file:///C:/abo-zien/apps/client-portal/server.js:27:37)
    at Object.onceWrapper (node:events:632:28)
    at Server.emit (node:events:530:35)
    at Server.<anonymous> (C:\Users\Admin\AppData\Roaming\npm\node_modules\pm2\node_modules\@pm2\io\build\main\metrics\httpMetrics.js:153:37)
    at emitListeningNT (node:net:1951:10)
    at process.processTicksAndRejections (node:internal/process/task_queues:81:21)
ReferenceError: require is not defined
    at getLocalIP (file:///C:/abo-zien/apps/client-portal/server.js:37:33)
    at Server.<anonymous> (file:///C:/abo-zien/apps/client-portal/server.js:27:37)
    at Object.onceWrapper (node:events:632:28)
    at Server.emit (node:events:530:35)
    at Server.<anonymous> (C:\Users\Admin\AppData\Roaming\npm\node_modules\pm2\node_modules\@pm2\io\build\main\metrics\httpMetrics.js:153:37)
    at emitListeningNT (node:net:1951:10)
    at process.processTicksAndRejections (node:internal/process/task_queues:81:21)
